Using device: mps
algo: qmix_ddqn
n_agents: 3
observation_shape: (7, 20, 20)
global_state_dim: 8400
train_every: 1, learning_starts: 1000
reward_version: v3_frontier
reward_config:
  n_agents: 3
  track_required: 3
  reward_version: v3_frontier
  step_penalty: -0.005
  collision_penalty: -0.02
  new_cell_bonus: 0.002
  revisit_penalty: 0.0
  new_observed_cell_bonus: 0.015
  new_observed_cell_bonus_cap: 0.15
  boundary_penalty: -0.2
  idle_stay_penalty: -0.03
  detect_value1_bonus: 0.6
  detect_value2_bonus: 1.5
  track_progress_value1_bonus: 0.2
  track_progress_value2_bonus: 0.6
  complete_value1_bonus: 4.0
  complete_value2_bonus: 12.0
  all_targets_bonus: 5.0

[Best] episode=20 score=-27.868 metrics={'reward_version': 'v3_frontier', 'setting': 'qmix_ddqn_3uav', 'algo': 'qmix_ddqn', 'n_agents': 3, 'episodes': 5, 'reward_mean': -32.07879999999999, 'reward_std': 17.063906603119925, 'detected_mean': 2.0, 'completed_mean': 0.8, 'detected_value_mean': 2.6, 'completed_value_mean': 1.0, 'sensor_coverage_ratio_mean': 0.4690000057220459, 'stay_ratio': 0.04133333333333333, 'boundary_hit_ratio': 0.43066666666666664, 'collision_ratio': 0.24666666666666667, 'revisit_ratio': 0.9942222222222222, 'sensor_revisit_ratio': 0.8737777777777778, 'new_observed_cells_per_step': 0.4102222222222222, 'tracking_progress_ratio': 0.0071111111111111115, 'action_counts': {'down': 459, 'left': 383, 'up': 172, 'stay': 93, 'right': 1143}}

[Eval 20] {'reward_version': 'v3_frontier', 'setting': 'qmix_ddqn_3uav', 'algo': 'qmix_ddqn', 'n_agents': 3, 'episodes': 5, 'reward_mean': -32.07879999999999, 'reward_std': 17.063906603119925, 'detected_mean': 2.0, 'completed_mean': 0.8, 'detected_value_mean': 2.6, 'completed_value_mean': 1.0, 'sensor_coverage_ratio_mean': 0.4690000057220459, 'stay_ratio': 0.04133333333333333, 'boundary_hit_ratio': 0.43066666666666664, 'collision_ratio': 0.24666666666666667, 'revisit_ratio': 0.9942222222222222, 'sensor_revisit_ratio': 0.8737777777777778, 'new_observed_cells_per_step': 0.4102222222222222, 'tracking_progress_ratio': 0.0071111111111111115, 'action_counts': {'down': 459, 'left': 383, 'up': 172, 'stay': 93, 'right': 1143}}
Training complete.
Best checkpoint: runs/v3_frontier/qmix_ddqn_3uav_seed42_20/best.pt at episode 20, score=-27.868
