Using device: cuda
algo: ddqn
n_agents: 3
observation_shape: (7, 20, 20)
train_every: 4, learning_starts: 1000
reward_version: v3_frontier
reward_config:
  n_agents: 3
  track_required: 3
  reward_version: v3_frontier
  step_penalty: -0.005
  collision_penalty: -0.02
  new_cell_bonus: 0.002
  revisit_penalty: 0.0
  new_observed_cell_bonus: 0.015
  new_observed_cell_bonus_cap: 0.15
  boundary_penalty: -0.2
  idle_stay_penalty: -0.03
  detect_value1_bonus: 0.6
  detect_value2_bonus: 1.5
  track_progress_value1_bonus: 0.2
  track_progress_value2_bonus: 0.6
  complete_value1_bonus: 4.0
  complete_value2_bonus: 12.0
  all_targets_bonus: 5.0

[Best] episode=30 score=-30.773 metrics={'reward_version': 'v3_frontier', 'setting': 'shared_ddqn_3uav', 'algo': 'ddqn', 'n_agents': 3, 'episodes': 10, 'reward_mean': -35.432799999999986, 'reward_std': 28.99492674520835, 'detected_mean': 2.2, 'completed_mean': 0.6, 'detected_value_mean': 3.0, 'completed_value_mean': 1.0, 'sensor_coverage_ratio_mean': 0.5197500079870224, 'stay_ratio': 0.296, 'boundary_hit_ratio': 0.4448888888888889, 'collision_ratio': 0.31866666666666665, 'revisit_ratio': 0.9942222222222222, 'sensor_revisit_ratio': 0.8857777777777778, 'new_observed_cells_per_step': 0.4553333333333333, 'tracking_progress_ratio': 0.0064444444444444445, 'action_counts': {'up': 624, 'stay': 1332, 'down': 186, 'right': 1765, 'left': 593}}

[Eval 30] {'reward_version': 'v3_frontier', 'setting': 'shared_ddqn_3uav', 'algo': 'ddqn', 'n_agents': 3, 'episodes': 10, 'reward_mean': -35.432799999999986, 'reward_std': 28.99492674520835, 'detected_mean': 2.2, 'completed_mean': 0.6, 'detected_value_mean': 3.0, 'completed_value_mean': 1.0, 'sensor_coverage_ratio_mean': 0.5197500079870224, 'stay_ratio': 0.296, 'boundary_hit_ratio': 0.4448888888888889, 'collision_ratio': 0.31866666666666665, 'revisit_ratio': 0.9942222222222222, 'sensor_revisit_ratio': 0.8857777777777778, 'new_observed_cells_per_step': 0.4553333333333333, 'tracking_progress_ratio': 0.0064444444444444445, 'action_counts': {'up': 624, 'stay': 1332, 'down': 186, 'right': 1765, 'left': 593}}
Training complete.
Best checkpoint: runs/v3_frontier/shared_ddqn_3uav_seed0_30/best.pt at episode 30, score=-30.773
